<?xml version="1.0" encoding="utf-8"?><testsuites name="pytest tests"><testsuite name="pytest" errors="0" failures="0" skipped="0" tests="13" time="2.525" timestamp="2026-06-08T07:51:34.475695+00:00" hostname="agent-env-e3dbb14c-0cc0-4b9a-8bac-642624eaa089"><testcase classname="backend.tests.test_kime_wc_api.TestHealth" name="test_health_ok" time="0.159" /><testcase classname="backend.tests.test_kime_wc_api.TestTeams" name="test_active_phase_present" time="0.148" /><testcase classname="backend.tests.test_kime_wc_api.TestTeams" name="test_eight_teams" time="0.000" /><testcase classname="backend.tests.test_kime_wc_api.TestTeams" name="test_each_team_has_4_members_and_correct_country" time="0.000" /><testcase classname="backend.tests.test_kime_wc_api.TestTeams" name="test_total_points_equals_sum_of_members" time="0.000" /><testcase classname="backend.tests.test_kime_wc_api.TestTeams" name="test_known_missing_counsellors_have_found_false" time="0.000" /><testcase classname="backend.tests.test_kime_wc_api.TestTeams" name="test_members_have_required_fields" time="0.000" /><testcase classname="backend.tests.test_kime_wc_api.TestStandings" name="test_top_level_fields" time="0.146" /><testcase classname="backend.tests.test_kime_wc_api.TestStandings" name="test_qf_standings_has_8_teams_sorted_desc" time="0.000" /><testcase classname="backend.tests.test_kime_wc_api.TestStandings" name="test_qf_standings_covers_all_8_countries" time="0.000" /><testcase classname="backend.tests.test_kime_wc_api.TestStandings" name="test_semi_finals_matchups" time="0.000" /><testcase classname="backend.tests.test_kime_wc_api.TestStandings" name="test_final_is_null_or_object" time="0.000" /><testcase classname="backend.tests.test_kime_wc_api.TestRefresh" name="test_manual_refresh" time="1.904" /></testsuite></testsuites>